# Logfile created on 2014-01-03 14:06:25 -0600 by logger.rb/41954
I, [2014-01-03T14:06:25.131826 #91085]  INFO -- : 0:  timers (1.1.0) from /Users/tamara/.gem/ruby/2.0.0/specifications/timers-1.1.0.gemspec
I, [2014-01-03T14:06:25.139177 #91085]  INFO -- : 0:  celluloid (0.15.2) from /Users/tamara/.gem/ruby/2.0.0/specifications/celluloid-0.15.2.gemspec
I, [2014-01-03T14:06:25.139711 #91085]  INFO -- : 0:  coderay (1.1.0) from /Users/tamara/.gem/ruby/2.0.0/specifications/coderay-1.1.0.gemspec
I, [2014-01-03T14:06:25.140142 #91085]  INFO -- : 0:  diff-lcs (1.2.5) from /Users/tamara/.gem/ruby/2.0.0/specifications/diff-lcs-1.2.5.gemspec
I, [2014-01-03T14:06:25.140567 #91085]  INFO -- : 0:  ffi (1.9.3) from /Users/tamara/.gem/ruby/2.0.0/specifications/ffi-1.9.3.gemspec
I, [2014-01-03T14:06:25.140968 #91085]  INFO -- : 0:  formatador (0.2.4) from /Users/tamara/.gem/ruby/2.0.0/specifications/formatador-0.2.4.gemspec
I, [2014-01-03T14:06:25.141373 #91085]  INFO -- : 0:  rb-fsevent (0.9.4) from /Users/tamara/.gem/ruby/2.0.0/specifications/rb-fsevent-0.9.4.gemspec
I, [2014-01-03T14:06:25.142148 #91085]  INFO -- : 0:  rb-inotify (0.9.3) from /Users/tamara/.gem/ruby/2.0.0/specifications/rb-inotify-0.9.3.gemspec
I, [2014-01-03T14:06:25.142644 #91085]  INFO -- : 0:  listen (2.4.0) from /Users/tamara/.gem/ruby/2.0.0/specifications/listen-2.4.0.gemspec
I, [2014-01-03T14:06:25.143188 #91085]  INFO -- : 0:  lumberjack (1.0.4) from /Users/tamara/.gem/ruby/2.0.0/specifications/lumberjack-1.0.4.gemspec
I, [2014-01-03T14:06:25.143751 #91085]  INFO -- : 0:  method_source (0.8.2) from /Users/tamara/.gem/ruby/2.0.0/specifications/method_source-0.8.2.gemspec
I, [2014-01-03T14:06:25.144264 #91085]  INFO -- : 0:  slop (3.4.7) from /Users/tamara/.gem/ruby/2.0.0/specifications/slop-3.4.7.gemspec
I, [2014-01-03T14:06:25.144854 #91085]  INFO -- : 0:  pry (0.9.12.4) from /Users/tamara/.gem/ruby/2.0.0/specifications/pry-0.9.12.4.gemspec
I, [2014-01-03T14:06:25.145364 #91085]  INFO -- : 0:  thor (0.18.1) from /Users/tamara/.gem/ruby/2.0.0/specifications/thor-0.18.1.gemspec
I, [2014-01-03T14:06:25.145873 #91085]  INFO -- : 0:  guard (2.2.5) from /Users/tamara/.gem/ruby/2.0.0/specifications/guard-2.2.5.gemspec
I, [2014-01-03T14:06:25.146397 #91085]  INFO -- : 0:  rspec-core (2.14.7) from /Users/tamara/.gem/ruby/2.0.0/specifications/rspec-core-2.14.7.gemspec
I, [2014-01-03T14:06:25.146827 #91085]  INFO -- : 0:  rspec-expectations (2.14.4) from /Users/tamara/.gem/ruby/2.0.0/specifications/rspec-expectations-2.14.4.gemspec
I, [2014-01-03T14:06:25.147349 #91085]  INFO -- : 0:  rspec-mocks (2.14.4) from /Users/tamara/.gem/ruby/2.0.0/specifications/rspec-mocks-2.14.4.gemspec
I, [2014-01-03T14:06:25.147851 #91085]  INFO -- : 0:  rspec (2.14.1) from /Users/tamara/.gem/ruby/2.0.0/specifications/rspec-2.14.1.gemspec
I, [2014-01-03T14:06:26.603755 #91085]  INFO -- : 0:  guard-rspec (4.2.3) from /Users/tamara/.gem/ruby/2.0.0/specifications/guard-rspec-4.2.3.gemspec
I, [2014-01-03T14:06:26.604248 #91085]  INFO -- : 0:  bundler (1.5.1) from /Users/tamara/.gem/ruby/2.0.0/specifications/bundler-1.5.1.gemspec
